<?xml version="1.0" encoding="UTF-8"?>
<testng-results skipped="0" failed="0" ignored="0" total="3" passed="3">
  <reporter-output>
  </reporter-output>
  <suite name="Default suite" duration-ms="8119" started-at="2020-05-10T14:06:31 IST" finished-at="2020-05-10T14:06:39 IST">
    <groups>
    </groups>
    <test name="Default test" duration-ms="8119" started-at="2020-05-10T14:06:31 IST" finished-at="2020-05-10T14:06:39 IST">
      <class name="petAPI.PetAPI">
        <test-method status="PASS" signature="tc01()[pri:0, instance:petAPI.PetAPI@b8a058]" name="tc01" duration-ms="4970" started-at="2020-05-10T14:06:31 IST" finished-at="2020-05-10T14:06:36 IST">
          <reporter-output>
          </reporter-output>
        </test-method> <!-- tc01 -->
        <test-method status="PASS" signature="tc02()[pri:0, instance:petAPI.PetAPI@b8a058]" name="tc02" duration-ms="1579" started-at="2020-05-10T14:06:36 IST" finished-at="2020-05-10T14:06:37 IST">
          <reporter-output>
          </reporter-output>
        </test-method> <!-- tc02 -->
        <test-method status="PASS" signature="tc03()[pri:0, instance:petAPI.PetAPI@b8a058]" name="tc03" duration-ms="1518" started-at="2020-05-10T14:06:37 IST" finished-at="2020-05-10T14:06:39 IST">
          <reporter-output>
          </reporter-output>
        </test-method> <!-- tc03 -->
      </class> <!-- petAPI.PetAPI -->
    </test> <!-- Default test -->
  </suite> <!-- Default suite -->
</testng-results>
